This is pdfTeX, Version 3.1415926-2.5-1.40.14 (TeX Live 2013) (format=pdflatex 2014.7.3)  31 OCT 2017 09:39
entering extended mode
 restricted \write18 enabled.
 %&-line parsing enabled.
**AraSimGuide.tex
(./AraSimGuide.tex
LaTeX2e <2011/06/27>
Babel <3.9f> and hyphenation patterns for 78 languages loaded.
(/usr/local/teTeX/texmf-dist/tex/latex/base/article.cls
Document Class: article 2007/10/19 v1.4h Standard LaTeX document class
(/usr/local/teTeX/texmf-dist/tex/latex/base/size10.clo
File: size10.clo 2007/10/19 v1.4h Standard LaTeX file (size option)
)
\c@part=\count79
\c@section=\count80
\c@subsection=\count81
\c@subsubsection=\count82
\c@paragraph=\count83
\c@subparagraph=\count84
\c@figure=\count85
\c@table=\count86
\abovecaptionskip=\skip41
\belowcaptionskip=\skip42
\bibindent=\dimen102
)
(/usr/local/teTeX/texmf-dist/tex/latex/preprint/fullpage.sty
Package: fullpage 1999/02/23 1.1 (PWD)
\FP@margin=\skip43
)
(/usr/local/teTeX/texmf-dist/tex/latex/pgf/frontendlayer/tikz.sty
(/usr/local/teTeX/texmf-dist/tex/latex/pgf/basiclayer/pgf.sty
(/usr/local/teTeX/texmf-dist/tex/latex/pgf/utilities/pgfrcs.sty
(/usr/local/teTeX/texmf-dist/tex/generic/pgf/utilities/pgfutil-common.tex
\pgfutil@everybye=\toks14
)
(/usr/local/teTeX/texmf-dist/tex/generic/pgf/utilities/pgfutil-latex.def
\pgfutil@abb=\box26

(/usr/local/teTeX/texmf-dist/tex/latex/ms/everyshi.sty
Package: everyshi 2001/05/15 v3.00 EveryShipout Package (MS)
))
(/usr/local/teTeX/texmf-dist/tex/generic/pgf/utilities/pgfrcs.code.tex
Package: pgfrcs 2010/10/25 v2.10 (rcs-revision 1.24)
))
Package: pgf 2008/01/15 v2.10 (rcs-revision 1.12)

(/usr/local/teTeX/texmf-dist/tex/latex/pgf/basiclayer/pgfcore.sty
(/usr/local/teTeX/texmf-dist/tex/latex/graphics/graphicx.sty
Package: graphicx 1999/02/16 v1.0f Enhanced LaTeX Graphics (DPC,SPQR)

(/usr/local/teTeX/texmf-dist/tex/latex/graphics/keyval.sty
Package: keyval 1999/03/16 v1.13 key=value parser (DPC)
\KV@toks@=\toks15
)
(/usr/local/teTeX/texmf-dist/tex/latex/graphics/graphics.sty
Package: graphics 2009/02/05 v1.0o Standard LaTeX Graphics (DPC,SPQR)

(/usr/local/teTeX/texmf-dist/tex/latex/graphics/trig.sty
Package: trig 1999/03/16 v1.09 sin cos tan (DPC)
)
(/usr/local/teTeX/texmf-dist/tex/latex/latexconfig/graphics.cfg
File: graphics.cfg 2010/04/23 v1.9 graphics configuration of TeX Live
)
Package graphics Info: Driver file: pdftex.def on input line 91.

(/usr/local/teTeX/texmf-dist/tex/latex/pdftex-def/pdftex.def
File: pdftex.def 2011/05/27 v0.06d Graphics/color for pdfTeX

(/usr/local/teTeX/texmf-dist/tex/generic/oberdiek/infwarerr.sty
Package: infwarerr 2010/04/08 v1.3 Providing info/warning/error messages (HO)
)
(/usr/local/teTeX/texmf-dist/tex/generic/oberdiek/ltxcmds.sty
Package: ltxcmds 2011/11/09 v1.22 LaTeX kernel commands for general use (HO)
)
\Gread@gobject=\count87
))
\Gin@req@height=\dimen103
\Gin@req@width=\dimen104
)
(/usr/local/teTeX/texmf-dist/tex/latex/pgf/systemlayer/pgfsys.sty
(/usr/local/teTeX/texmf-dist/tex/generic/pgf/systemlayer/pgfsys.code.tex
Package: pgfsys 2010/06/30 v2.10 (rcs-revision 1.37)

(/usr/local/teTeX/texmf-dist/tex/generic/pgf/utilities/pgfkeys.code.tex
\pgfkeys@pathtoks=\toks16
\pgfkeys@temptoks=\toks17

(/usr/local/teTeX/texmf-dist/tex/generic/pgf/utilities/pgfkeysfiltered.code.tex
\pgfkeys@tmptoks=\toks18
))
\pgf@x=\dimen105
\pgf@y=\dimen106
\pgf@xa=\dimen107
\pgf@ya=\dimen108
\pgf@xb=\dimen109
\pgf@yb=\dimen110
\pgf@xc=\dimen111
\pgf@yc=\dimen112
\w@pgf@writea=\write3
\r@pgf@reada=\read1
\c@pgf@counta=\count88
\c@pgf@countb=\count89
\c@pgf@countc=\count90
\c@pgf@countd=\count91
 (/usr/local/teTeX/texmf-dist/tex/generic/pgf/systemlayer/pgf.cfg
File: pgf.cfg 2008/05/14  (rcs-revision 1.7)
)
Package pgfsys Info: Driver file for pgf: pgfsys-pdftex.def on input line 900.

(/usr/local/teTeX/texmf-dist/tex/generic/pgf/systemlayer/pgfsys-pdftex.def
File: pgfsys-pdftex.def 2009/05/22  (rcs-revision 1.26)

(/usr/local/teTeX/texmf-dist/tex/generic/pgf/systemlayer/pgfsys-common-pdf.def
File: pgfsys-common-pdf.def 2008/05/19  (rcs-revision 1.10)
)))
(/usr/local/teTeX/texmf-dist/tex/generic/pgf/systemlayer/pgfsyssoftpath.code.te
x
File: pgfsyssoftpath.code.tex 2008/07/18  (rcs-revision 1.7)
\pgfsyssoftpath@smallbuffer@items=\count92
\pgfsyssoftpath@bigbuffer@items=\count93
)
(/usr/local/teTeX/texmf-dist/tex/generic/pgf/systemlayer/pgfsysprotocol.code.te
x
File: pgfsysprotocol.code.tex 2006/10/16  (rcs-revision 1.4)
)) (/usr/local/teTeX/texmf-dist/tex/latex/xcolor/xcolor.sty
Package: xcolor 2007/01/21 v2.11 LaTeX color extensions (UK)

(/usr/local/teTeX/texmf-dist/tex/latex/latexconfig/color.cfg
File: color.cfg 2007/01/18 v1.5 color configuration of teTeX/TeXLive
)
Package xcolor Info: Driver file: pdftex.def on input line 225.
Package xcolor Info: Model `cmy' substituted by `cmy0' on input line 1337.
Package xcolor Info: Model `hsb' substituted by `rgb' on input line 1341.
Package xcolor Info: Model `RGB' extended on input line 1353.
Package xcolor Info: Model `HTML' substituted by `rgb' on input line 1355.
Package xcolor Info: Model `Hsb' substituted by `hsb' on input line 1356.
Package xcolor Info: Model `tHsb' substituted by `hsb' on input line 1357.
Package xcolor Info: Model `HSB' substituted by `hsb' on input line 1358.
Package xcolor Info: Model `Gray' substituted by `gray' on input line 1359.
Package xcolor Info: Model `wave' substituted by `hsb' on input line 1360.
)
(/usr/local/teTeX/texmf-dist/tex/generic/pgf/basiclayer/pgfcore.code.tex
Package: pgfcore 2010/04/11 v2.10 (rcs-revision 1.7)

(/usr/local/teTeX/texmf-dist/tex/generic/pgf/math/pgfmath.code.tex
(/usr/local/teTeX/texmf-dist/tex/generic/pgf/math/pgfmathcalc.code.tex
(/usr/local/teTeX/texmf-dist/tex/generic/pgf/math/pgfmathutil.code.tex)
(/usr/local/teTeX/texmf-dist/tex/generic/pgf/math/pgfmathparser.code.tex
\pgfmath@dimen=\dimen113
\pgfmath@count=\count94
\pgfmath@box=\box27
\pgfmath@toks=\toks19
\pgfmath@stack@operand=\toks20
\pgfmath@stack@operation=\toks21
)
(/usr/local/teTeX/texmf-dist/tex/generic/pgf/math/pgfmathfunctions.code.tex
(/usr/local/teTeX/texmf-dist/tex/generic/pgf/math/pgfmathfunctions.basic.code.t
ex)
(/usr/local/teTeX/texmf-dist/tex/generic/pgf/math/pgfmathfunctions.trigonometri
c.code.tex)
(/usr/local/teTeX/texmf-dist/tex/generic/pgf/math/pgfmathfunctions.random.code.
tex)
(/usr/local/teTeX/texmf-dist/tex/generic/pgf/math/pgfmathfunctions.comparison.c
ode.tex)
(/usr/local/teTeX/texmf-dist/tex/generic/pgf/math/pgfmathfunctions.base.code.te
x)
(/usr/local/teTeX/texmf-dist/tex/generic/pgf/math/pgfmathfunctions.round.code.t
ex)
(/usr/local/teTeX/texmf-dist/tex/generic/pgf/math/pgfmathfunctions.misc.code.te
x))) (/usr/local/teTeX/texmf-dist/tex/generic/pgf/math/pgfmathfloat.code.tex
\c@pgfmathroundto@lastzeros=\count95
))
(/usr/local/teTeX/texmf-dist/tex/generic/pgf/basiclayer/pgfcorepoints.code.tex
File: pgfcorepoints.code.tex 2010/04/09  (rcs-revision 1.20)
\pgf@picminx=\dimen114
\pgf@picmaxx=\dimen115
\pgf@picminy=\dimen116
\pgf@picmaxy=\dimen117
\pgf@pathminx=\dimen118
\pgf@pathmaxx=\dimen119
\pgf@pathminy=\dimen120
\pgf@pathmaxy=\dimen121
\pgf@xx=\dimen122
\pgf@xy=\dimen123
\pgf@yx=\dimen124
\pgf@yy=\dimen125
\pgf@zx=\dimen126
\pgf@zy=\dimen127
)
(/usr/local/teTeX/texmf-dist/tex/generic/pgf/basiclayer/pgfcorepathconstruct.co
de.tex
File: pgfcorepathconstruct.code.tex 2010/08/03  (rcs-revision 1.24)
\pgf@path@lastx=\dimen128
\pgf@path@lasty=\dimen129
)
(/usr/local/teTeX/texmf-dist/tex/generic/pgf/basiclayer/pgfcorepathusage.code.t
ex
File: pgfcorepathusage.code.tex 2008/04/22  (rcs-revision 1.12)
\pgf@shorten@end@additional=\dimen130
\pgf@shorten@start@additional=\dimen131
)
(/usr/local/teTeX/texmf-dist/tex/generic/pgf/basiclayer/pgfcorescopes.code.tex
File: pgfcorescopes.code.tex 2010/09/08  (rcs-revision 1.34)
\pgfpic=\box28
\pgf@hbox=\box29
\pgf@layerbox@main=\box30
\pgf@picture@serial@count=\count96
)
(/usr/local/teTeX/texmf-dist/tex/generic/pgf/basiclayer/pgfcoregraphicstate.cod
e.tex
File: pgfcoregraphicstate.code.tex 2008/04/22  (rcs-revision 1.9)
\pgflinewidth=\dimen132
)
(/usr/local/teTeX/texmf-dist/tex/generic/pgf/basiclayer/pgfcoretransformations.
code.tex
File: pgfcoretransformations.code.tex 2009/06/10  (rcs-revision 1.11)
\pgf@pt@x=\dimen133
\pgf@pt@y=\dimen134
\pgf@pt@temp=\dimen135
)
(/usr/local/teTeX/texmf-dist/tex/generic/pgf/basiclayer/pgfcorequick.code.tex
File: pgfcorequick.code.tex 2008/10/09  (rcs-revision 1.3)
)
(/usr/local/teTeX/texmf-dist/tex/generic/pgf/basiclayer/pgfcoreobjects.code.tex
File: pgfcoreobjects.code.tex 2006/10/11  (rcs-revision 1.2)
)
(/usr/local/teTeX/texmf-dist/tex/generic/pgf/basiclayer/pgfcorepathprocessing.c
ode.tex
File: pgfcorepathprocessing.code.tex 2008/10/09  (rcs-revision 1.8)
)
(/usr/local/teTeX/texmf-dist/tex/generic/pgf/basiclayer/pgfcorearrows.code.tex
File: pgfcorearrows.code.tex 2008/04/23  (rcs-revision 1.11)
) (/usr/local/teTeX/texmf-dist/tex/generic/pgf/basiclayer/pgfcoreshade.code.tex
File: pgfcoreshade.code.tex 2008/11/23  (rcs-revision 1.13)
\pgf@max=\dimen136
\pgf@sys@shading@range@num=\count97
) (/usr/local/teTeX/texmf-dist/tex/generic/pgf/basiclayer/pgfcoreimage.code.tex
File: pgfcoreimage.code.tex 2010/03/25  (rcs-revision 1.16)

(/usr/local/teTeX/texmf-dist/tex/generic/pgf/basiclayer/pgfcoreexternal.code.te
x
File: pgfcoreexternal.code.tex 2010/09/01  (rcs-revision 1.17)
\pgfexternal@startupbox=\box31
))
(/usr/local/teTeX/texmf-dist/tex/generic/pgf/basiclayer/pgfcorelayers.code.tex
File: pgfcorelayers.code.tex 2010/08/27  (rcs-revision 1.2)
)
(/usr/local/teTeX/texmf-dist/tex/generic/pgf/basiclayer/pgfcoretransparency.cod
e.tex
File: pgfcoretransparency.code.tex 2008/01/17  (rcs-revision 1.2)
)
(/usr/local/teTeX/texmf-dist/tex/generic/pgf/basiclayer/pgfcorepatterns.code.te
x
File: pgfcorepatterns.code.tex 2009/07/02  (rcs-revision 1.3)
)))
(/usr/local/teTeX/texmf-dist/tex/generic/pgf/modules/pgfmoduleshapes.code.tex
File: pgfmoduleshapes.code.tex 2010/09/09  (rcs-revision 1.13)
\pgfnodeparttextbox=\box32
)
(/usr/local/teTeX/texmf-dist/tex/generic/pgf/modules/pgfmoduleplot.code.tex
File: pgfmoduleplot.code.tex 2010/10/22  (rcs-revision 1.8)
)
(/usr/local/teTeX/texmf-dist/tex/latex/pgf/compatibility/pgfcomp-version-0-65.s
ty
Package: pgfcomp-version-0-65 2007/07/03 v2.10 (rcs-revision 1.7)
\pgf@nodesepstart=\dimen137
\pgf@nodesepend=\dimen138
)
(/usr/local/teTeX/texmf-dist/tex/latex/pgf/compatibility/pgfcomp-version-1-18.s
ty
Package: pgfcomp-version-1-18 2007/07/23 v2.10 (rcs-revision 1.1)
)) (/usr/local/teTeX/texmf-dist/tex/latex/pgf/utilities/pgffor.sty
(/usr/local/teTeX/texmf-dist/tex/latex/pgf/utilities/pgfkeys.sty
(/usr/local/teTeX/texmf-dist/tex/generic/pgf/utilities/pgfkeys.code.tex))
(/usr/local/teTeX/texmf-dist/tex/generic/pgf/utilities/pgffor.code.tex
Package: pgffor 2010/03/23 v2.10 (rcs-revision 1.18)
\pgffor@iter=\dimen139
\pgffor@skip=\dimen140
\pgffor@stack=\toks22
\pgffor@toks=\toks23
))
(/usr/local/teTeX/texmf-dist/tex/generic/pgf/frontendlayer/tikz/tikz.code.tex
Package: tikz 2010/10/13 v2.10 (rcs-revision 1.76)

(/usr/local/teTeX/texmf-dist/tex/generic/pgf/libraries/pgflibraryplothandlers.c
ode.tex
File: pgflibraryplothandlers.code.tex 2010/05/31 v2.10 (rcs-revision 1.15)
\pgf@plot@mark@count=\count98
\pgfplotmarksize=\dimen141
)
\tikz@lastx=\dimen142
\tikz@lasty=\dimen143
\tikz@lastxsaved=\dimen144
\tikz@lastysaved=\dimen145
\tikzleveldistance=\dimen146
\tikzsiblingdistance=\dimen147
\tikz@figbox=\box33
\tikz@tempbox=\box34
\tikztreelevel=\count99
\tikznumberofchildren=\count100
\tikznumberofcurrentchild=\count101
\tikz@fig@count=\count102

(/usr/local/teTeX/texmf-dist/tex/generic/pgf/modules/pgfmodulematrix.code.tex
File: pgfmodulematrix.code.tex 2010/08/24  (rcs-revision 1.4)
\pgfmatrixcurrentrow=\count103
\pgfmatrixcurrentcolumn=\count104
\pgf@matrix@numberofcolumns=\count105
)
\tikz@expandcount=\count106

(/usr/local/teTeX/texmf-dist/tex/generic/pgf/frontendlayer/tikz/libraries/tikzl
ibrarytopaths.code.tex
File: tikzlibrarytopaths.code.tex 2008/06/17 v2.10 (rcs-revision 1.2)
)))
(/usr/local/teTeX/texmf-dist/tex/generic/pgf/frontendlayer/tikz/libraries/tikzl
ibraryshapes.code.tex
File: tikzlibraryshapes.code.tex 2008/01/09 v2.10 (rcs-revision 1.1)

(/usr/local/teTeX/texmf-dist/tex/generic/pgf/frontendlayer/tikz/libraries/tikzl
ibraryshapes.geometric.code.tex
File: tikzlibraryshapes.geometric.code.tex 2008/01/09 v2.10 (rcs-revision 1.1)

(/usr/local/teTeX/texmf-dist/tex/generic/pgf/libraries/shapes/pgflibraryshapes.
geometric.code.tex
File: pgflibraryshapes.geometric.code.tex 2008/06/26 v2.10 (rcs-revision 1.1)
))
(/usr/local/teTeX/texmf-dist/tex/generic/pgf/frontendlayer/tikz/libraries/tikzl
ibraryshapes.misc.code.tex
File: tikzlibraryshapes.misc.code.tex 2008/01/09 v2.10 (rcs-revision 1.1)

(/usr/local/teTeX/texmf-dist/tex/generic/pgf/libraries/shapes/pgflibraryshapes.
misc.code.tex
File: pgflibraryshapes.misc.code.tex 2008/10/07 v2.10 (rcs-revision 1.3)
))
(/usr/local/teTeX/texmf-dist/tex/generic/pgf/frontendlayer/tikz/libraries/tikzl
ibraryshapes.symbols.code.tex
File: tikzlibraryshapes.symbols.code.tex 2008/01/09 v2.10 (rcs-revision 1.1)

(/usr/local/teTeX/texmf-dist/tex/generic/pgf/libraries/shapes/pgflibraryshapes.
symbols.code.tex
File: pgflibraryshapes.symbols.code.tex 2009/10/27 v2.10 (rcs-revision 1.3)
))
(/usr/local/teTeX/texmf-dist/tex/generic/pgf/frontendlayer/tikz/libraries/tikzl
ibraryshapes.arrows.code.tex
File: tikzlibraryshapes.arrows.code.tex 2008/01/09 v2.10 (rcs-revision 1.1)

(/usr/local/teTeX/texmf-dist/tex/generic/pgf/libraries/shapes/pgflibraryshapes.
arrows.code.tex
File: pgflibraryshapes.arrows.code.tex 2008/06/26 v2.10 (rcs-revision 1.1)
))
(/usr/local/teTeX/texmf-dist/tex/generic/pgf/frontendlayer/tikz/libraries/tikzl
ibraryshapes.callouts.code.tex
(/usr/local/teTeX/texmf-dist/tex/generic/pgf/libraries/shapes/pgflibraryshapes.
callouts.code.tex))
(/usr/local/teTeX/texmf-dist/tex/generic/pgf/frontendlayer/tikz/libraries/tikzl
ibraryshapes.multipart.code.tex
File: tikzlibraryshapes.multipart.code.tex 2008/01/09 v2.10 (rcs-revision 1.1)

(/usr/local/teTeX/texmf-dist/tex/generic/pgf/libraries/shapes/pgflibraryshapes.
multipart.code.tex
File: pgflibraryshapes.multipart.code.tex 2010/01/07 v2.10 (rcs-revision 1.2)
\pgfnodepartlowerbox=\box35
\pgfnodeparttwobox=\box36
\pgfnodepartthreebox=\box37
\pgfnodepartfourbox=\box38
\pgfnodeparttwentybox=\box39
\pgfnodepartnineteenbox=\box40
\pgfnodeparteighteenbox=\box41
\pgfnodepartseventeenbox=\box42
\pgfnodepartsixteenbox=\box43
\pgfnodepartfifteenbox=\box44
\pgfnodepartfourteenbox=\box45
\pgfnodepartthirteenbox=\box46
\pgfnodeparttwelvebox=\box47
\pgfnodepartelevenbox=\box48
\pgfnodeparttenbox=\box49
\pgfnodepartninebox=\box50
\pgfnodeparteightbox=\box51
\pgfnodepartsevenbox=\box52
\pgfnodepartsixbox=\box53
\pgfnodepartfivebox=\box54
)))
(/usr/local/teTeX/texmf-dist/tex/generic/pgf/frontendlayer/tikz/libraries/tikzl
ibraryarrows.code.tex
File: tikzlibraryarrows.code.tex 2008/01/09 v2.10 (rcs-revision 1.1)

(/usr/local/teTeX/texmf-dist/tex/generic/pgf/libraries/pgflibraryarrows.code.te
x
File: pgflibraryarrows.code.tex 2008/10/27 v2.10 (rcs-revision 1.9)
\arrowsize=\dimen148
))
(/usr/local/teTeX/texmf-dist/tex/generic/pgf/frontendlayer/tikz/libraries/tikzl
ibraryshadows.code.tex
File: tikzlibraryshadows.code.tex 2008/01/13 v2.10 (rcs-revision 1.3)

(/usr/local/teTeX/texmf-dist/tex/generic/pgf/frontendlayer/tikz/libraries/tikzl
ibraryfadings.code.tex
File: tikzlibraryfadings.code.tex 2009/11/15 v2.10 (rcs-revision 1.2)

(/usr/local/teTeX/texmf-dist/tex/generic/pgf/libraries/pgflibraryfadings.code.t
ex
File: pgflibraryfadings.code.tex 2008/02/07 v2.10 (rcs-revision 1.3)
))) (/usr/local/teTeX/texmf-dist/tex/latex/amsmath/amsmath.sty
Package: amsmath 2013/01/14 v2.14 AMS math features
\@mathmargin=\skip44

For additional information on amsmath, use the `?' option.
(/usr/local/teTeX/texmf-dist/tex/latex/amsmath/amstext.sty
Package: amstext 2000/06/29 v2.01

(/usr/local/teTeX/texmf-dist/tex/latex/amsmath/amsgen.sty
File: amsgen.sty 1999/11/30 v2.0
\@emptytoks=\toks24
\ex@=\dimen149
))
(/usr/local/teTeX/texmf-dist/tex/latex/amsmath/amsbsy.sty
Package: amsbsy 1999/11/29 v1.2d
\pmbraise@=\dimen150
)
(/usr/local/teTeX/texmf-dist/tex/latex/amsmath/amsopn.sty
Package: amsopn 1999/12/14 v2.01 operator names
)
\inf@bad=\count107
LaTeX Info: Redefining \frac on input line 210.
\uproot@=\count108
\leftroot@=\count109
LaTeX Info: Redefining \overline on input line 306.
\classnum@=\count110
\DOTSCASE@=\count111
LaTeX Info: Redefining \ldots on input line 378.
LaTeX Info: Redefining \dots on input line 381.
LaTeX Info: Redefining \cdots on input line 466.
\Mathstrutbox@=\box55
\strutbox@=\box56
\big@size=\dimen151
LaTeX Font Info:    Redeclaring font encoding OML on input line 566.
LaTeX Font Info:    Redeclaring font encoding OMS on input line 567.
\macc@depth=\count112
\c@MaxMatrixCols=\count113
\dotsspace@=\muskip10
\c@parentequation=\count114
\dspbrk@lvl=\count115
\tag@help=\toks25
\row@=\count116
\column@=\count117
\maxfields@=\count118
\andhelp@=\toks26
\eqnshift@=\dimen152
\alignsep@=\dimen153
\tagshift@=\dimen154
\tagwidth@=\dimen155
\totwidth@=\dimen156
\lineht@=\dimen157
\@envbody=\toks27
\multlinegap=\skip45
\multlinetaggap=\skip46
\mathdisplay@stack=\toks28
LaTeX Info: Redefining \[ on input line 2665.
LaTeX Info: Redefining \] on input line 2666.
)
(/usr/local/teTeX/texmf-dist/tex/latex/amscls/amsthm.sty
Package: amsthm 2004/08/06 v2.20
\thm@style=\toks29
\thm@bodyfont=\toks30
\thm@headfont=\toks31
\thm@notefont=\toks32
\thm@headpunct=\toks33
\thm@preskip=\skip47
\thm@postskip=\skip48
\thm@headsep=\skip49
\dth@everypar=\toks34
)
(/usr/local/teTeX/texmf-dist/tex/latex/amsfonts/amssymb.sty
Package: amssymb 2013/01/14 v3.01 AMS font symbols

(/usr/local/teTeX/texmf-dist/tex/latex/amsfonts/amsfonts.sty
Package: amsfonts 2013/01/14 v3.01 Basic AMSFonts support
\symAMSa=\mathgroup4
\symAMSb=\mathgroup5
LaTeX Font Info:    Overwriting math alphabet `\mathfrak' in version `bold'
(Font)                  U/euf/m/n --> U/euf/b/n on input line 106.
))
(/usr/local/teTeX/texmf-dist/tex/latex/jknapltx/mathrsfs.sty
Package: mathrsfs 1996/01/01 Math RSFS package v1.0 (jk)
\symrsfs=\mathgroup6
)
(/usr/local/teTeX/texmf-dist/tex/latex/float/float.sty
Package: float 2001/11/08 v1.3d Float enhancements (AL)
\c@float@type=\count119
\float@exts=\toks35
\float@box=\box57
\@float@everytoks=\toks36
\@floatcapt=\box58
)
\@float@every@figure=\toks37

(/usr/local/teTeX/texmf-dist/tex/latex/pdfpages/pdfpages.sty
Package: pdfpages 2012/08/31 v0.4t Insert pages of external PDF documents (AM)

(/usr/local/teTeX/texmf-dist/tex/latex/base/ifthen.sty
Package: ifthen 2001/05/26 v1.1c Standard LaTeX ifthen package (DPC)
)
(/usr/local/teTeX/texmf-dist/tex/latex/tools/calc.sty
Package: calc 2007/08/22 v4.3 Infix arithmetic (KKT,FJ)
\calc@Acount=\count120
\calc@Bcount=\count121
\calc@Adimen=\dimen158
\calc@Bdimen=\dimen159
\calc@Askip=\skip50
\calc@Bskip=\skip51
LaTeX Info: Redefining \setlength on input line 76.
LaTeX Info: Redefining \addtolength on input line 77.
\calc@Ccount=\count122
\calc@Cskip=\skip52
)
(/usr/local/teTeX/texmf-dist/tex/latex/eso-pic/eso-pic.sty
Package: eso-pic 2010/10/06 v2.0c eso-pic (RN)

(/usr/local/teTeX/texmf-dist/tex/generic/oberdiek/atbegshi.sty
Package: atbegshi 2011/10/05 v1.16 At begin shipout hook (HO)

(/usr/local/teTeX/texmf-dist/tex/generic/oberdiek/ifpdf.sty
Package: ifpdf 2011/01/30 v2.3 Provides the ifpdf switch (HO)
Package ifpdf Info: pdfTeX in PDF mode is detected.
)))
(/usr/local/teTeX/texmf-dist/tex/latex/pdfpages/pppdftex.def
File: pppdftex.def 2012/08/31 v0.4t Pdfpages driver for pdfTeX (AM)
)
\AM@pagebox=\box59
\AM@toc@title=\toks38
\c@AM@survey=\count123
\AM@templatesizebox=\box60
)
(/usr/local/teTeX/texmf-dist/tex/latex/tools/xspace.sty
Package: xspace 2009/10/20 v1.13 Space after command names (DPC,MH)
)
(/usr/local/teTeX/texmf-dist/tex/generic/xstring/xstring.sty
(/usr/local/teTeX/texmf-dist/tex/generic/xstring/xstring.tex
\@xs@message=\write4
\integerpart=\count124
\decimalpart=\count125
)
Package: xstring 2013/2/28  v1.7a  String manipulations (C Tellechea)
)
(/usr/local/teTeX/texmf-dist/tex/latex/url/url.sty
\Urlmuskip=\muskip11
Package: url 2006/04/12  ver 3.3  Verb mode for urls, etc.
) (./AraSimGuide.aux)
\openout1 = `AraSimGuide.aux'.

LaTeX Font Info:    Checking defaults for OML/cmm/m/it on input line 112.
LaTeX Font Info:    ... okay on input line 112.
LaTeX Font Info:    Checking defaults for T1/cmr/m/n on input line 112.
LaTeX Font Info:    ... okay on input line 112.
LaTeX Font Info:    Checking defaults for OT1/cmr/m/n on input line 112.
LaTeX Font Info:    ... okay on input line 112.
LaTeX Font Info:    Checking defaults for OMS/cmsy/m/n on input line 112.
LaTeX Font Info:    ... okay on input line 112.
LaTeX Font Info:    Checking defaults for OMX/cmex/m/n on input line 112.
LaTeX Font Info:    ... okay on input line 112.
LaTeX Font Info:    Checking defaults for U/cmr/m/n on input line 112.
LaTeX Font Info:    ... okay on input line 112.

ABD: EveryShipout initializing macros
(/usr/local/teTeX/texmf-dist/tex/context/base/supp-pdf.mkii
[Loading MPS to PDF converter (version 2006.09.02).]
\scratchcounter=\count126
\scratchdimen=\dimen160
\scratchbox=\box61
\nofMPsegments=\count127
\nofMParguments=\count128
\everyMPshowfont=\toks39
\MPscratchCnt=\count129
\MPscratchDim=\dimen161
\MPnumerator=\count130
\makeMPintoPDFobject=\count131
\everyMPtoPDFconversion=\toks40
) (/usr/local/teTeX/texmf-dist/tex/generic/oberdiek/pdftexcmds.sty
Package: pdftexcmds 2011/11/29 v0.20 Utility functions of pdfTeX for LuaTeX (HO
)

(/usr/local/teTeX/texmf-dist/tex/generic/oberdiek/ifluatex.sty
Package: ifluatex 2010/03/01 v1.3 Provides the ifluatex switch (HO)
Package ifluatex Info: LuaTeX not detected.
)
Package pdftexcmds Info: LuaTeX not detected.
Package pdftexcmds Info: \pdf@primitive is available.
Package pdftexcmds Info: \pdf@ifprimitive is available.
Package pdftexcmds Info: \pdfdraftmode found.
)
(/usr/local/teTeX/texmf-dist/tex/latex/oberdiek/epstopdf-base.sty
Package: epstopdf-base 2010/02/09 v2.5 Base part for package epstopdf

(/usr/local/teTeX/texmf-dist/tex/latex/oberdiek/grfext.sty
Package: grfext 2010/08/19 v1.1 Manage graphics extensions (HO)

(/usr/local/teTeX/texmf-dist/tex/generic/oberdiek/kvdefinekeys.sty
Package: kvdefinekeys 2011/04/07 v1.3 Define keys (HO)
))
(/usr/local/teTeX/texmf-dist/tex/latex/oberdiek/kvoptions.sty
Package: kvoptions 2011/06/30 v3.11 Key value format for package options (HO)

(/usr/local/teTeX/texmf-dist/tex/generic/oberdiek/kvsetkeys.sty
Package: kvsetkeys 2012/04/25 v1.16 Key value parser (HO)

(/usr/local/teTeX/texmf-dist/tex/generic/oberdiek/etexcmds.sty
Package: etexcmds 2011/02/16 v1.5 Avoid name clashes with e-TeX commands (HO)
Package etexcmds Info: Could not find \expanded.
(etexcmds)             That can mean that you are not using pdfTeX 1.50 or
(etexcmds)             that some package has redefined \expanded.
(etexcmds)             In the latter case, load this package earlier.
)))
Package grfext Info: Graphics extension search list:
(grfext)             [.png,.pdf,.jpg,.mps,.jpeg,.jbig2,.jb2,.PNG,.PDF,.JPG,.JPE
G,.JBIG2,.JB2,.eps]
(grfext)             \AppendGraphicsExtensions on input line 452.

(/usr/local/teTeX/texmf-dist/tex/latex/latexconfig/epstopdf-sys.cfg
File: epstopdf-sys.cfg 2010/07/13 v1.3 Configuration of (r)epstopdf for TeX Liv
e
))
\AtBeginShipoutBox=\box62
 [1

{/usr/local/teTeX/texmf-var/fonts/map/pdftex/updmap/pdftex.map}]
LaTeX Font Info:    Try loading font information for U+msa on input line 204.

(/usr/local/teTeX/texmf-dist/tex/latex/amsfonts/umsa.fd
File: umsa.fd 2013/01/14 v3.01 AMS symbols A
)
LaTeX Font Info:    Try loading font information for U+msb on input line 204.

(/usr/local/teTeX/texmf-dist/tex/latex/amsfonts/umsb.fd
File: umsb.fd 2013/01/14 v3.01 AMS symbols B
)
LaTeX Font Info:    Try loading font information for U+rsfs on input line 204.

(/usr/local/teTeX/texmf-dist/tex/latex/jknapltx/ursfs.fd
File: ursfs.fd 1998/03/24 rsfs font definition file (jk)
) [2] [3] [4] [5]
Underfull \hbox (badness 3179) in paragraph at lines 579--580
[]\OT1/cmr/m/n/9 To gen-er-ate neu-tri-nos at ran-dom en-er-gies from spe-cific
 dis-tri-bu-tions (flux mod-els) use
 []

[6]
Underfull \hbox (badness 2698) in paragraph at lines 633--633
 [][][][] 
 []

[7] [8] [9]
Overfull \hbox (1.9445pt too wide) in paragraph at lines 910--910
 [][][][]\OT1/cmr/m/n/10 no 
 []

[10] [11] [12] [13] [14] [15] [16]
Overfull \hbox (1.93874pt too wide) in paragraph at lines 1410--1411
[]\OT1/cmr/m/n/9 mode 0 (de-fault): Save all gen-er-ated neu-trino events. When
 us-ing `pick un-bi-ased' (\OT1/cmtt/m/n/9 INTERACTION_
 []

[17] <wave_box.jpg, id=93, 876.27374pt x 499.8675pt>
File: wave_box.jpg Graphic file (type jpg)
 <use wave_box.jpg>
Package pdftex.def Info: wave_box.jpg used on input line 1499.
(pdftex.def)             Requested size: 113.81102pt x 64.9164pt.
File: wave_box.jpg Graphic file (type jpg)

<use wave_box.jpg>
Package pdftex.def Info: wave_box.jpg used on input line 1501.
(pdftex.def)             Requested size: 113.81102pt x 64.9164pt.
File: wave_box.jpg Graphic file (type jpg)
 <use wave_box.jpg>
Package pdftex.def Info: wave_box.jpg used on input line 1503.
(pdftex.def)             Requested size: 113.81102pt x 64.9164pt.
 [18 <./wave_box.jpg>] [19] [20] [21]
Overfull \hbox (21.75865pt too wide) in paragraph at lines 1770--1771
[]\OT1/cmr/m/n/9 #\OT1/cmtt/m/n/9 PICKNEARUNBIASED_ R\OT1/cmr/m/n/9 =5000 // (D
EFAULT=5000) spherical radius around detector in pick near-unbiased
 []

[22] [23] [24] (./AraSimGuide.aux
! Missing \endcsname inserted.
<to be read again> 
                   \protect 
l.46 \newlabel{POSNU\_THETA}{{3.4}{9}}
                                      
The control sequence marked <to be read again> should
not appear between \csname and \endcsname.

! Extra \endcsname.
\@newl@bel ...dafter \ifx \csname #1@#2\endcsname 
                                                  \reserved@a \else \@tempsw...
l.46 \newlabel{POSNU\_THETA}{{3.4}{9}}
                                      
I'm ignoring this, since I wasn't doing a \csname.

! Missing \endcsname inserted.
<to be read again> 
                   \protect 
l.47 \newlabel{POSNU\_PHI}{{3.4}{9}}
                                    
The control sequence marked <to be read again> should
not appear between \csname and \endcsname.

! Extra \endcsname.
\@newl@bel ...dafter \ifx \csname #1@#2\endcsname 
                                                  \reserved@a \else \@tempsw...
l.47 \newlabel{POSNU\_PHI}{{3.4}{9}}
                                    
I'm ignoring this, since I wasn't doing a \csname.

! Missing \endcsname inserted.
<to be read again> 
                   \protect 
l.48 \newlabel{POSNU\_R}{{3.4}{9}}
                                  
The control sequence marked <to be read again> should
not appear between \csname and \endcsname.

! Extra \endcsname.
\@newl@bel ...dafter \ifx \csname #1@#2\endcsname 
                                                  \reserved@a \else \@tempsw...
l.48 \newlabel{POSNU\_R}{{3.4}{9}}
                                  
I'm ignoring this, since I wasn't doing a \csname.

! Missing \endcsname inserted.
<to be read again> 
                   \protect 
l.56 ...RAY\_TRACE\_ICE\_MODEL\_PARAMS}{{3.5}{10}}
                                                  
The control sequence marked <to be read again> should
not appear between \csname and \endcsname.

! Extra \endcsname.
\@newl@bel ...dafter \ifx \csname #1@#2\endcsname 
                                                  \reserved@a \else \@tempsw...
l.56 ...RAY\_TRACE\_ICE\_MODEL\_PARAMS}{{3.5}{10}}
                                                  
I'm ignoring this, since I wasn't doing a \csname.

! Missing \endcsname inserted.
<to be read again> 
                   \protect 
l.103 \newlabel{DETECTOR\_STATION}{{3.9}{15}}
                                             
The control sequence marked <to be read again> should
not appear between \csname and \endcsname.

! Missing \endcsname inserted.
<to be read again> 
                   \protect 
l.133 \newlabel{WAVEFORM\_LENGTH}{{3.10}{18}}
                                             
The control sequence marked <to be read again> should
not appear between \csname and \endcsname.

! Extra \endcsname.
\@newl@bel ...dafter \ifx \csname #1@#2\endcsname 
                                                  \reserved@a \else \@tempsw...
l.133 \newlabel{WAVEFORM\_LENGTH}{{3.10}{18}}
                                             
I'm ignoring this, since I wasn't doing a \csname.

! Missing \endcsname inserted.
<to be read again> 
                   \protect 
l.134 \newlabel{WAVEFORM\_CENTER}{{3.10}{18}}
                                             
The control sequence marked <to be read again> should
not appear between \csname and \endcsname.

! Extra \endcsname.
\@newl@bel ...dafter \ifx \csname #1@#2\endcsname 
                                                  \reserved@a \else \@tempsw...
l.134 \newlabel{WAVEFORM\_CENTER}{{3.10}{18}}
                                             
I'm ignoring this, since I wasn't doing a \csname.

)

LaTeX Warning: Label(s) may have changed. Rerun to get cross-references right.


Overfull \hbox (118.70996pt too wide) in paragraph at lines 46--1958
[][]\OT1/cmr/m/n/9 THETA3.49 []PHI3.49 []R3.49        []TRACE[]ICE[]MODEL[]PARA
MS3.510                                                                        
     []LENGTH3.1018
 []

 ) 
Here is how much of TeX's memory you used:
 14875 strings out of 493315
 291309 string characters out of 6145897
 396219 words of memory out of 5000000
 17983 multiletter control sequences out of 15000+600000
 14767 words of font info for 60 fonts, out of 8000000 for 9000
 957 hyphenation exceptions out of 8191
 56i,10n,73p,1171b,748s stack positions out of 5000i,500n,10000p,200000b,80000s
</usr/local/teTeX/texmf-dist/fonts/type1/public/amsfonts/cm/cmbx10.pfb></usr/
local/teTeX/texmf-dist/fonts/type1/public/amsfonts/cm/cmbx12.pfb></usr/local/te
TeX/texmf-dist/fonts/type1/public/amsfonts/cm/cmbx9.pfb></usr/local/teTeX/texmf
-dist/fonts/type1/public/amsfonts/cm/cmmi10.pfb></usr/local/teTeX/texmf-dist/fo
nts/type1/public/amsfonts/cm/cmmi6.pfb></usr/local/teTeX/texmf-dist/fonts/type1
/public/amsfonts/cm/cmmi9.pfb></usr/local/teTeX/texmf-dist/fonts/type1/public/a
msfonts/cm/cmr10.pfb></usr/local/teTeX/texmf-dist/fonts/type1/public/amsfonts/c
m/cmr12.pfb></usr/local/teTeX/texmf-dist/fonts/type1/public/amsfonts/cm/cmr6.pf
b></usr/local/teTeX/texmf-dist/fonts/type1/public/amsfonts/cm/cmr8.pfb></usr/lo
cal/teTeX/texmf-dist/fonts/type1/public/amsfonts/cm/cmr9.pfb></usr/local/teTeX/
texmf-dist/fonts/type1/public/amsfonts/cm/cmsy6.pfb></usr/local/teTeX/texmf-dis
t/fonts/type1/public/amsfonts/cm/cmsy8.pfb></usr/local/teTeX/texmf-dist/fonts/t
ype1/public/amsfonts/cm/cmsy9.pfb></usr/local/teTeX/texmf-dist/fonts/type1/publ
ic/amsfonts/cm/cmti10.pfb></usr/local/teTeX/texmf-dist/fonts/type1/public/amsfo
nts/cm/cmti9.pfb></usr/local/teTeX/texmf-dist/fonts/type1/public/amsfonts/cm/cm
tt10.pfb></usr/local/teTeX/texmf-dist/fonts/type1/public/amsfonts/cm/cmtt9.pfb>

Output written on AraSimGuide.pdf (24 pages, 373239 bytes).
PDF statistics:
 174 PDF objects out of 1000 (max. 8388607)
 111 compressed objects within 2 object streams
 0 named destinations out of 1000 (max. 500000)
 114 words of extra memory for PDF output out of 10000 (max. 10000000)

